<?xml version="1.0" encoding="UTF-8"?>
<testsuites tests="6" failures="0" errors="0" skipped="0">
  <testsuite name="BackstopJS" tests="6" failures="0" errors="0" skipped="0">
    <testcase classname="document" name=" ›› Homepage"/>
    <testcase classname="document" name=" ›› Homepage"/>
    <testcase classname="document" name=" ›› Ueber mich"/>
    <testcase classname="document" name=" ›› Ueber mich"/>
    <testcase classname="document" name=" ›› Bewerbung"/>
    <testcase classname="document" name=" ›› Bewerbung"/>
  </testsuite>
</testsuites>